This is pdfTeX, Version 3.14159265-2.6-1.40.21 (MiKTeX 2.9.7300 64-bit) (preloaded format=pdflatex 2020.8.20)  7 MAY 2021 16:26
entering extended mode
**./report.tex
(report.tex
LaTeX2e <2020-02-02>
L3 programming layer <2020-02-03> ("C:\Users\slitv\AppData\Local\Programs\MiKTe
X 2.9\tex/latex/base\article.cls"
Document Class: article 2019/12/20 v1.4l Standard LaTeX document class
("C:\Users\slitv\AppData\Local\Programs\MiKTeX 2.9\tex/latex/base\size10.clo"
File: size10.clo 2019/12/20 v1.4l Standard LaTeX file (size option)
)
\c@part=\count167
\c@section=\count168
\c@subsection=\count169
\c@subsubsection=\count170
\c@paragraph=\count171
\c@subparagraph=\count172
\c@figure=\count173
\c@table=\count174
\abovecaptionskip=\skip47
\belowcaptionskip=\skip48
\bibindent=\dimen134
) ("C:\Users\slitv\AppData\Local\Programs\MiKTeX 2.9\tex/latex/lm\lmodern.sty"
Package: lmodern 2009/10/30 v1.6 Latin Modern Fonts
LaTeX Font Info:    Overwriting symbol font `operators' in version `normal'
(Font)                  OT1/cmr/m/n --> OT1/lmr/m/n on input line 22.
LaTeX Font Info:    Overwriting symbol font `letters' in version `normal'
(Font)                  OML/cmm/m/it --> OML/lmm/m/it on input line 23.
LaTeX Font Info:    Overwriting symbol font `symbols' in version `normal'
(Font)                  OMS/cmsy/m/n --> OMS/lmsy/m/n on input line 24.
LaTeX Font Info:    Overwriting symbol font `largesymbols' in version `normal'
(Font)                  OMX/cmex/m/n --> OMX/lmex/m/n on input line 25.
LaTeX Font Info:    Overwriting symbol font `operators' in version `bold'
(Font)                  OT1/cmr/bx/n --> OT1/lmr/bx/n on input line 26.
LaTeX Font Info:    Overwriting symbol font `letters' in version `bold'
(Font)                  OML/cmm/b/it --> OML/lmm/b/it on input line 27.
LaTeX Font Info:    Overwriting symbol font `symbols' in version `bold'
(Font)                  OMS/cmsy/b/n --> OMS/lmsy/b/n on input line 28.
LaTeX Font Info:    Overwriting symbol font `largesymbols' in version `bold'
(Font)                  OMX/cmex/m/n --> OMX/lmex/m/n on input line 29.
LaTeX Font Info:    Overwriting math alphabet `\mathbf' in version `normal'
(Font)                  OT1/cmr/bx/n --> OT1/lmr/bx/n on input line 31.
LaTeX Font Info:    Overwriting math alphabet `\mathsf' in version `normal'
(Font)                  OT1/cmss/m/n --> OT1/lmss/m/n on input line 32.
LaTeX Font Info:    Overwriting math alphabet `\mathit' in version `normal'
(Font)                  OT1/cmr/m/it --> OT1/lmr/m/it on input line 33.
LaTeX Font Info:    Overwriting math alphabet `\mathtt' in version `normal'
(Font)                  OT1/cmtt/m/n --> OT1/lmtt/m/n on input line 34.
LaTeX Font Info:    Overwriting math alphabet `\mathbf' in version `bold'
(Font)                  OT1/cmr/bx/n --> OT1/lmr/bx/n on input line 35.
LaTeX Font Info:    Overwriting math alphabet `\mathsf' in version `bold'
(Font)                  OT1/cmss/bx/n --> OT1/lmss/bx/n on input line 36.
LaTeX Font Info:    Overwriting math alphabet `\mathit' in version `bold'
(Font)                  OT1/cmr/bx/it --> OT1/lmr/bx/it on input line 37.
LaTeX Font Info:    Overwriting math alphabet `\mathtt' in version `bold'
(Font)                  OT1/cmtt/m/n --> OT1/lmtt/m/n on input line 38.
)
("C:\Users\slitv\AppData\Local\Programs\MiKTeX 2.9\tex/latex/amsmath\amsmath.st
y"
Package: amsmath 2020/01/20 v2.17e AMS math features
\@mathmargin=\skip49
For additional information on amsmath, use the `?' option.

("C:\Users\slitv\AppData\Local\Programs\MiKTeX 2.9\tex/latex/amsmath\amstext.st
y"
Package: amstext 2000/06/29 v2.01 AMS text
("C:\Users\slitv\AppData\Local\Programs\MiKTeX 2.9\tex/latex/amsmath\amsgen.sty
"
File: amsgen.sty 1999/11/30 v2.0 generic functions
\@emptytoks=\toks14
\ex@=\dimen135
)) ("C:\Users\slitv\AppData\Local\Programs\MiKTeX 2.9\tex/latex/amsmath\amsbsy.
sty"
Package: amsbsy 1999/11/29 v1.2d Bold Symbols
\pmbraise@=\dimen136
) ("C:\Users\slitv\AppData\Local\Programs\MiKTeX 2.9\tex/latex/amsmath\amsopn.s
ty"
Package: amsopn 2016/03/08 v2.02 operator names
)
\inf@bad=\count175
LaTeX Info: Redefining \frac on input line 227.
\uproot@=\count176
\leftroot@=\count177
LaTeX Info: Redefining \overline on input line 389.
\classnum@=\count178
\DOTSCASE@=\count179
LaTeX Info: Redefining \ldots on input line 486.
LaTeX Info: Redefining \dots on input line 489.
LaTeX Info: Redefining \cdots on input line 610.
\Mathstrutbox@=\box45
\strutbox@=\box46
\big@size=\dimen137
LaTeX Font Info:    Redeclaring font encoding OML on input line 733.
LaTeX Font Info:    Redeclaring font encoding OMS on input line 734.
\macc@depth=\count180
\c@MaxMatrixCols=\count181
\dotsspace@=\muskip16
\c@parentequation=\count182
\dspbrk@lvl=\count183
\tag@help=\toks15
\row@=\count184
\column@=\count185
\maxfields@=\count186
\andhelp@=\toks16
\eqnshift@=\dimen138
\alignsep@=\dimen139
\tagshift@=\dimen140
\tagwidth@=\dimen141
\totwidth@=\dimen142
\lineht@=\dimen143
\@envbody=\toks17
\multlinegap=\skip50
\multlinetaggap=\skip51
\mathdisplay@stack=\toks18
LaTeX Info: Redefining \[ on input line 2859.
LaTeX Info: Redefining \] on input line 2860.
)
("C:\Users\slitv\AppData\Local\Programs\MiKTeX 2.9\tex/generic/iftex\ifxetex.st
y"
Package: ifxetex 2019/10/25 v0.7 ifxetex legacy package. Use iftex instead.
("C:\Users\slitv\AppData\Local\Programs\MiKTeX 2.9\tex/generic/iftex\iftex.sty"
Package: iftex 2019/11/07 v1.0c TeX engine tests
))
("C:\Users\slitv\AppData\Local\Programs\MiKTeX 2.9\tex/generic/iftex\ifluatex.s
ty"
Package: ifluatex 2019/10/25 v1.5 ifluatex legacy package. Use iftex instead.
) ("C:\Users\slitv\AppData\Local\Programs\MiKTeX 2.9\tex/latex/base\fontenc.sty
"
Package: fontenc 2020/01/25 v2.0m Standard LaTeX package
LaTeX Font Info:    Trying to load font information for T1+lmr on input line 11
2.
("C:\Users\slitv\AppData\Local\Programs\MiKTeX 2.9\tex/latex/lm\t1lmr.fd"
File: t1lmr.fd 2009/10/30 v1.6 Font defs for Latin Modern
)) ("C:\Users\slitv\AppData\Local\Programs\MiKTeX 2.9\tex/latex/base\inputenc.s
ty"
Package: inputenc 2018/08/11 v1.3c Input encoding file
\inpenc@prehook=\toks19
\inpenc@posthook=\toks20
) ("C:\Users\slitv\AppData\Local\Programs\MiKTeX 2.9\tex/latex/base\textcomp.st
y"
Package: textcomp 2020/02/02 v2.0m Standard LaTeX package
)
("C:\Users\slitv\AppData\Local\Programs\MiKTeX 2.9\tex/latex/amsfonts\amssymb.s
ty"
Package: amssymb 2013/01/14 v3.01 AMS font symbols

("C:\Users\slitv\AppData\Local\Programs\MiKTeX 2.9\tex/latex/amsfonts\amsfonts.
sty"
Package: amsfonts 2013/01/14 v3.01 Basic AMSFonts support
\symAMSa=\mathgroup4
\symAMSb=\mathgroup5
LaTeX Font Info:    Redeclaring math symbol \hbar on input line 98.
LaTeX Font Info:    Overwriting math alphabet `\mathfrak' in version `bold'
(Font)                  U/euf/m/n --> U/euf/b/n on input line 106.
))
("C:\Users\slitv\AppData\Local\Programs\MiKTeX 2.9\tex/latex/upquote\upquote.st
y"
Package: upquote 2012/04/19 v1.3 upright-quote and grave-accent glyphs in verba
tim
)
("C:\Users\slitv\AppData\Local\Programs\MiKTeX 2.9\tex/latex/microtype\microtyp
e.sty"
Package: microtype 2020/12/07 v2.8 Micro-typographical refinements (RS)

("C:\Users\slitv\AppData\Local\Programs\MiKTeX 2.9\tex/latex/graphics\keyval.st
y"
Package: keyval 2014/10/28 v1.15 key=value parser (DPC)
\KV@toks@=\toks21
)
\MT@toks=\toks22
\MT@count=\count187
LaTeX Info: Redefining \textls on input line 788.
\MT@outer@kern=\dimen144
LaTeX Info: Redefining \textmicrotypecontext on input line 1358.
\MT@listname@count=\count188

("C:\Users\slitv\AppData\Local\Programs\MiKTeX 2.9\tex/latex/microtype\microtyp
e-pdftex.def"
File: microtype-pdftex.def 2020/12/07 v2.8 Definitions specific to pdftex (RS)
LaTeX Info: Redefining \lsstyle on input line 915.
LaTeX Info: Redefining \lslig on input line 915.
\MT@outer@space=\skip52
)
Package microtype Info: Loading configuration file microtype.cfg.

("C:\Users\slitv\AppData\Local\Programs\MiKTeX 2.9\tex/latex/microtype\microtyp
e.cfg"
File: microtype.cfg 2020/12/07 v2.8 microtype main configuration file (RS)
))
("C:\Users\slitv\AppData\Local\Programs\MiKTeX 2.9\tex/latex/parskip\parskip.st
y"
Package: parskip 2020-01-22 v2.0d non-zero parskip adjustments

("C:\Users\slitv\AppData\Local\Programs\MiKTeX 2.9\tex/latex/kvoptions\kvoption
s.sty"
Package: kvoptions 2019/11/29 v3.13 Key value format for package options (HO)

("C:\Users\slitv\AppData\Local\Programs\MiKTeX 2.9\tex/generic/ltxcmds\ltxcmds.
sty"
Package: ltxcmds 2019/12/15 v1.24 LaTeX kernel commands for general use (HO)
)
("C:\Users\slitv\AppData\Local\Programs\MiKTeX 2.9\tex/generic/kvsetkeys\kvsetk
eys.sty"
Package: kvsetkeys 2019/12/15 v1.18 Key value parser (HO)
))
("C:\Users\slitv\AppData\Local\Programs\MiKTeX 2.9\tex/latex/etoolbox\etoolbox.
sty"
Package: etoolbox 2019/09/21 v2.5h e-TeX tools for LaTeX (JAW)
\etb@tempcnta=\count189
)) ("C:\Users\slitv\AppData\Local\Programs\MiKTeX 2.9\tex/latex/xcolor\xcolor.s
ty"
Package: xcolor 2016/05/11 v2.12 LaTeX color extensions (UK)

("C:\Users\slitv\AppData\Local\Programs\MiKTeX 2.9\tex/latex/graphics-cfg\color
.cfg"
File: color.cfg 2016/01/02 v1.6 sample color configuration
)
Package xcolor Info: Driver file: pdftex.def on input line 225.

("C:\Users\slitv\AppData\Local\Programs\MiKTeX 2.9\tex/latex/graphics-def\pdfte
x.def"
File: pdftex.def 2018/01/08 v1.0l Graphics/color driver for pdftex
)
Package xcolor Info: Model `cmy' substituted by `cmy0' on input line 1348.
Package xcolor Info: Model `hsb' substituted by `rgb' on input line 1352.
Package xcolor Info: Model `RGB' extended on input line 1364.
Package xcolor Info: Model `HTML' substituted by `rgb' on input line 1366.
Package xcolor Info: Model `Hsb' substituted by `hsb' on input line 1367.
Package xcolor Info: Model `tHsb' substituted by `hsb' on input line 1368.
Package xcolor Info: Model `HSB' substituted by `hsb' on input line 1369.
Package xcolor Info: Model `Gray' substituted by `gray' on input line 1370.
Package xcolor Info: Model `wave' substituted by `hsb' on input line 1371.
) ("C:\Users\slitv\AppData\Local\Programs\MiKTeX 2.9\tex/latex/xurl\xurl.sty"
Package: xurl 2020/12/30 v 0.09a modify URL breaks
("C:\Users\slitv\AppData\Local\Programs\MiKTeX 2.9\tex/latex/url\url.sty"
\Urlmuskip=\muskip17
Package: url 2013/09/16  ver 3.4  Verb mode for urls, etc.
))
("C:\Users\slitv\AppData\Local\Programs\MiKTeX 2.9\tex/latex/bookmark\bookmark.
sty"
Package: bookmark 2020-11-06 v1.29 PDF bookmarks (HO)

("C:\Users\slitv\AppData\Local\Programs\MiKTeX 2.9\tex/latex/hyperref\hyperref.
sty"
Package: hyperref 2020/01/14 v7.00d Hypertext links for LaTeX

("C:\Users\slitv\AppData\Local\Programs\MiKTeX 2.9\tex/latex/pdftexcmds\pdftexc
mds.sty"
Package: pdftexcmds 2019/11/24 v0.31 Utility functions of pdfTeX for LuaTeX (HO
)

("C:\Users\slitv\AppData\Local\Programs\MiKTeX 2.9\tex/generic/infwarerr\infwar
err.sty"
Package: infwarerr 2019/12/03 v1.5 Providing info/warning/error messages (HO)
)
Package pdftexcmds Info: \pdf@primitive is available.
Package pdftexcmds Info: \pdf@ifprimitive is available.
Package pdftexcmds Info: \pdfdraftmode found.
)
("C:\Users\slitv\AppData\Local\Programs\MiKTeX 2.9\tex/generic/kvdefinekeys\kvd
efinekeys.sty"
Package: kvdefinekeys 2019-12-19 v1.6 Define keys (HO)
)
("C:\Users\slitv\AppData\Local\Programs\MiKTeX 2.9\tex/generic/pdfescape\pdfesc
ape.sty"
Package: pdfescape 2019/12/09 v1.15 Implements pdfTeX's escape features (HO)
)
("C:\Users\slitv\AppData\Local\Programs\MiKTeX 2.9\tex/latex/hycolor\hycolor.st
y"
Package: hycolor 2020-01-27 v1.10 Color options for hyperref/bookmark (HO)
)
("C:\Users\slitv\AppData\Local\Programs\MiKTeX 2.9\tex/latex/letltxmacro\letltx
macro.sty"
Package: letltxmacro 2019/12/03 v1.6 Let assignment for LaTeX macros (HO)
)
("C:\Users\slitv\AppData\Local\Programs\MiKTeX 2.9\tex/latex/auxhook\auxhook.st
y"
Package: auxhook 2019-12-17 v1.6 Hooks for auxiliary files (HO)
)
\@linkdim=\dimen145
\Hy@linkcounter=\count190
\Hy@pagecounter=\count191

("C:\Users\slitv\AppData\Local\Programs\MiKTeX 2.9\tex/latex/hyperref\pd1enc.de
f"
File: pd1enc.def 2020/01/14 v7.00d Hyperref: PDFDocEncoding definition (HO)
Now handling font encoding PD1 ...
... no UTF-8 mapping file for font encoding PD1
)
("C:\Users\slitv\AppData\Local\Programs\MiKTeX 2.9\tex/generic/intcalc\intcalc.
sty"
Package: intcalc 2019/12/15 v1.3 Expandable calculations with integers (HO)
)
("C:\Users\slitv\AppData\Local\Programs\MiKTeX 2.9\tex/generic/etexcmds\etexcmd
s.sty"
Package: etexcmds 2019/12/15 v1.7 Avoid name clashes with e-TeX commands (HO)
)
\Hy@SavedSpaceFactor=\count192
Package hyperref Info: Option `unicode' set `true' on input line 4421.
("C:\Users\slitv\AppData\Local\Programs\MiKTeX 2.9\tex/latex/hyperref\puenc.def
"
File: puenc.def 2020/01/14 v7.00d Hyperref: PDF Unicode definition (HO)
Now handling font encoding PU ...
... no UTF-8 mapping file for font encoding PU
)
Package hyperref Info: Hyper figures OFF on input line 4547.
Package hyperref Info: Link nesting OFF on input line 4552.
Package hyperref Info: Hyper index ON on input line 4555.
Package hyperref Info: Plain pages OFF on input line 4562.
Package hyperref Info: Backreferencing OFF on input line 4567.
Package hyperref Info: Implicit mode ON; LaTeX internals redefined.
Package hyperref Info: Bookmarks ON on input line 4800.
\c@Hy@tempcnt=\count193
LaTeX Info: Redefining \url on input line 5159.
\XeTeXLinkMargin=\dimen146

("C:\Users\slitv\AppData\Local\Programs\MiKTeX 2.9\tex/generic/bitset\bitset.st
y"
Package: bitset 2019/12/09 v1.3 Handle bit-vector datatype (HO)

("C:\Users\slitv\AppData\Local\Programs\MiKTeX 2.9\tex/generic/bigintcalc\bigin
tcalc.sty"
Package: bigintcalc 2019/12/15 v1.5 Expandable calculations on big integers (HO
)
))
\Fld@menulength=\count194
\Field@Width=\dimen147
\Fld@charsize=\dimen148
Package hyperref Info: Hyper figures OFF on input line 6430.
Package hyperref Info: Link nesting OFF on input line 6435.
Package hyperref Info: Hyper index ON on input line 6438.
Package hyperref Info: backreferencing OFF on input line 6445.
Package hyperref Info: Link coloring OFF on input line 6450.
Package hyperref Info: Link coloring with OCG OFF on input line 6455.
Package hyperref Info: PDF/A mode OFF on input line 6460.
LaTeX Info: Redefining \ref on input line 6500.
LaTeX Info: Redefining \pageref on input line 6504.

("C:\Users\slitv\AppData\Local\Programs\MiKTeX 2.9\tex/generic/atbegshi\atbegsh
i.sty"
Package: atbegshi 2019/12/05 v1.19 At begin shipout hook (HO)
)
\Hy@abspage=\count195
\c@Item=\count196
\c@Hfootnote=\count197
)
Package hyperref Info: Driver (autodetected): hpdftex.

("C:\Users\slitv\AppData\Local\Programs\MiKTeX 2.9\tex/latex/hyperref\hpdftex.d
ef"
File: hpdftex.def 2020/01/14 v7.00d Hyperref driver for pdfTeX

("C:\Users\slitv\AppData\Local\Programs\MiKTeX 2.9\tex/latex/atveryend\atveryen
d.sty"
Package: atveryend 2019-12-11 v1.11 Hooks at the very end of document (HO)
)
\Fld@listcount=\count198
\c@bookmark@seq@number=\count199

("C:\Users\slitv\AppData\Local\Programs\MiKTeX 2.9\tex/latex/rerunfilecheck\rer
unfilecheck.sty"
Package: rerunfilecheck 2019/12/05 v1.9 Rerun checks for auxiliary files (HO)

("C:\Users\slitv\AppData\Local\Programs\MiKTeX 2.9\tex/generic/uniquecounter\un
iquecounter.sty"
Package: uniquecounter 2019/12/15 v1.4 Provide unlimited unique counter (HO)
)
Package uniquecounter Info: New unique counter `rerunfilecheck' on input line 2
86.
)
\Hy@SectionHShift=\skip53
)
("C:\Users\slitv\AppData\Local\Programs\MiKTeX 2.9\tex/latex/bookmark\bkm-pdfte
x-2019-12-03.def"
File: bkm-pdftex.def 2019/12/03 v1.28 bookmark driver for pdfTeX (HO)
\BKM@id=\count266
))
("C:\Users\slitv\AppData\Local\Programs\MiKTeX 2.9\tex/latex/geometry\geometry.
sty"
Package: geometry 2020/01/02 v5.9 Page Geometry
("C:\Users\slitv\AppData\Local\Programs\MiKTeX 2.9\tex/generic/iftex\ifvtex.sty
"
Package: ifvtex 2019/10/25 v1.7 ifvtex legacy package. Use iftex instead.
)
\Gm@cnth=\count267
\Gm@cntv=\count268
\c@Gm@tempcnt=\count269
\Gm@bindingoffset=\dimen149
\Gm@wd@mp=\dimen150
\Gm@odd@mp=\dimen151
\Gm@even@mp=\dimen152
\Gm@layoutwidth=\dimen153
\Gm@layoutheight=\dimen154
\Gm@layouthoffset=\dimen155
\Gm@layoutvoffset=\dimen156
\Gm@dimlist=\toks23

("C:\Users\slitv\AppData\Local\Programs\MiKTeX 2.9\tex/latex/geometry\geometry.
cfg"))
("C:\Users\slitv\AppData\Local\Programs\MiKTeX 2.9\tex/latex/tools\longtable.st
y"
Package: longtable 2020/01/07 v4.13 Multi-page Table package (DPC)
\LTleft=\skip54
\LTright=\skip55
\LTpre=\skip56
\LTpost=\skip57
\LTchunksize=\count270
\LTcapwidth=\dimen157
\LT@head=\box47
\LT@firsthead=\box48
\LT@foot=\box49
\LT@lastfoot=\box50
\LT@cols=\count271
\LT@rows=\count272
\c@LT@tables=\count273
\c@LT@chunks=\count274
\LT@p@ftn=\toks24
)
("C:\Users\slitv\AppData\Local\Programs\MiKTeX 2.9\tex/latex/booktabs\booktabs.
sty"
Package: booktabs 2020/01/12 v1.61803398 Publication quality tables
\heavyrulewidth=\dimen158
\lightrulewidth=\dimen159
\cmidrulewidth=\dimen160
\belowrulesep=\dimen161
\belowbottomsep=\dimen162
\aboverulesep=\dimen163
\abovetopsep=\dimen164
\cmidrulesep=\dimen165
\cmidrulekern=\dimen166
\defaultaddspace=\dimen167
\@cmidla=\count275
\@cmidlb=\count276
\@aboverulesep=\dimen168
\@belowrulesep=\dimen169
\@thisruleclass=\count277
\@lastruleclass=\count278
\@thisrulewidth=\dimen170
) ("C:\Users\slitv\AppData\Local\Programs\MiKTeX 2.9\tex/latex/tools\calc.sty"
Package: calc 2017/05/25 v4.3 Infix arithmetic (KKT,FJ)
\calc@Acount=\count279
\calc@Bcount=\count280
\calc@Adimen=\dimen171
\calc@Bdimen=\dimen172
\calc@Askip=\skip58
\calc@Bskip=\skip59
LaTeX Info: Redefining \setlength on input line 80.
LaTeX Info: Redefining \addtolength on input line 81.
\calc@Ccount=\count281
\calc@Cskip=\skip60
)
("C:\Users\slitv\AppData\Local\Programs\MiKTeX 2.9\tex/latex/footnotehyper\foot
notehyper.sty"
Package: footnotehyper 2021/02/04 v1.1d hyperref aware footnote.sty (JFB)
\FNH@notes=\box51
\FNH@width=\dimen173
\FNH@toks=\toks25
)
("C:\Users\slitv\AppData\Local\Programs\MiKTeX 2.9\tex/latex/graphics\graphicx.
sty"
Package: graphicx 2019/11/30 v1.2a Enhanced LaTeX Graphics (DPC,SPQR)

("C:\Users\slitv\AppData\Local\Programs\MiKTeX 2.9\tex/latex/graphics\graphics.
sty"
Package: graphics 2019/11/30 v1.4a Standard LaTeX Graphics (DPC,SPQR)
("C:\Users\slitv\AppData\Local\Programs\MiKTeX 2.9\tex/latex/graphics\trig.sty"
Package: trig 2016/01/03 v1.10 sin cos tan (DPC)
)
("C:\Users\slitv\AppData\Local\Programs\MiKTeX 2.9\tex/latex/graphics-cfg\graph
ics.cfg"
File: graphics.cfg 2016/06/04 v1.11 sample graphics configuration
)
Package graphics Info: Driver file: pdftex.def on input line 105.
)
\Gin@req@height=\dimen174
\Gin@req@width=\dimen175
) ("C:\Users\slitv\AppData\Local\Programs\MiKTeX 2.9\tex/latex/float\float.sty"
Package: float 2001/11/08 v1.3d Float enhancements (AL)
\c@float@type=\count282
\float@exts=\toks26
\float@box=\box52
\@float@everytoks=\toks27
\@floatcapt=\box53
)
("C:\Users\slitv\AppData\Local\Programs\MiKTeX 2.9\tex/latex/l3backend\l3backen
d-pdfmode.def"
File: l3backend-pdfmode.def 2020-02-03 L3 backend support: PDF mode
\l__kernel_color_stack_int=\count283
\l__pdf_internal_box=\box54
)
No file report.aux.
\openout1 = `report.aux'.

LaTeX Font Info:    Checking defaults for OML/cmm/m/it on input line 82.
LaTeX Font Info:    ... okay on input line 82.
LaTeX Font Info:    Checking defaults for OMS/cmsy/m/n on input line 82.
LaTeX Font Info:    ... okay on input line 82.
LaTeX Font Info:    Checking defaults for OT1/cmr/m/n on input line 82.
LaTeX Font Info:    ... okay on input line 82.
LaTeX Font Info:    Checking defaults for T1/cmr/m/n on input line 82.
LaTeX Font Info:    ... okay on input line 82.
LaTeX Font Info:    Checking defaults for TS1/cmr/m/n on input line 82.
LaTeX Font Info:    ... okay on input line 82.
LaTeX Font Info:    Checking defaults for OMX/cmex/m/n on input line 82.
LaTeX Font Info:    ... okay on input line 82.
LaTeX Font Info:    Checking defaults for U/cmr/m/n on input line 82.
LaTeX Font Info:    ... okay on input line 82.
LaTeX Font Info:    Checking defaults for PD1/pdf/m/n on input line 82.
LaTeX Font Info:    ... okay on input line 82.
LaTeX Font Info:    Checking defaults for PU/pdf/m/n on input line 82.
LaTeX Font Info:    ... okay on input line 82.
LaTeX Info: Redefining \microtypecontext on input line 82.
Package microtype Info: Generating PDF output.
Package microtype Info: Character protrusion enabled (level 2).
Package microtype Info: Using protrusion set `basicmath'.
Package microtype Info: Automatic font expansion enabled (level 2),
(microtype)             stretch: 20, shrink: 20, step: 1, non-selected.
Package microtype Info: Using default expansion set `alltext-nott'.
LaTeX Info: Redefining \showhyphens on input line 82.
Package microtype Info: No adjustment of tracking.
Package microtype Info: No adjustment of interword spacing.
Package microtype Info: No adjustment of character kerning.

("C:\Users\slitv\AppData\Local\Programs\MiKTeX 2.9\tex/latex/microtype\mt-cmr.c
fg"
File: mt-cmr.cfg 2013/05/19 v2.2 microtype config. file: Computer Modern Roman 
(RS)
)
("C:\Users\slitv\AppData\Local\Programs\MiKTeX 2.9\tex/context/base/mkii\supp-p
df.mkii"
[Loading MPS to PDF converter (version 2006.09.02).]
\scratchcounter=\count284
\scratchdimen=\dimen176
\scratchbox=\box55
\nofMPsegments=\count285
\nofMParguments=\count286
\everyMPshowfont=\toks28
\MPscratchCnt=\count287
\MPscratchDim=\dimen177
\MPnumerator=\count288
\makeMPintoPDFobject=\count289
\everyMPtoPDFconversion=\toks29
)
("C:\Users\slitv\AppData\Local\Programs\MiKTeX 2.9\tex/latex/epstopdf-pkg\epsto
pdf-base.sty"
Package: epstopdf-base 2020-01-24 v2.11 Base part for package epstopdf
Package epstopdf-base Info: Redefining graphics rule for `.eps' on input line 4
85.
)
\AtBeginShipoutBox=\box56
Package hyperref Info: Link coloring OFF on input line 82.

("C:\Users\slitv\AppData\Local\Programs\MiKTeX 2.9\tex/latex/hyperref\nameref.s
ty"
Package: nameref 2019/09/16 v2.46 Cross-referencing by name of section

("C:\Users\slitv\AppData\Local\Programs\MiKTeX 2.9\tex/latex/refcount\refcount.
sty"
Package: refcount 2019/12/15 v3.6 Data extraction from label references (HO)
)
("C:\Users\slitv\AppData\Local\Programs\MiKTeX 2.9\tex/generic/gettitlestring\g
ettitlestring.sty"
Package: gettitlestring 2019/12/15 v1.6 Cleanup title references (HO)
)
\c@section@level=\count290
)
LaTeX Info: Redefining \ref on input line 82.
LaTeX Info: Redefining \pageref on input line 82.
LaTeX Info: Redefining \nameref on input line 82.
*geometry* driver: auto-detecting
*geometry* detected driver: pdftex
*geometry* verbose mode - [ preamble ] result:
* driver: pdftex
* paper: <default>
* layout: <same size as paper>
* layoutoffset:(h,v)=(0.0pt,0.0pt)
* modes: 
* h-part:(L,W,R)=(72.26999pt, 469.75502pt, 72.26999pt)
* v-part:(T,H,B)=(72.26999pt, 650.43001pt, 72.26999pt)
* \paperwidth=614.295pt
* \paperheight=794.96999pt
* \textwidth=469.75502pt
* \textheight=650.43001pt
* \oddsidemargin=0.0pt
* \evensidemargin=0.0pt
* \topmargin=-37.0pt
* \headheight=12.0pt
* \headsep=25.0pt
* \topskip=10.0pt
* \footskip=30.0pt
* \marginparwidth=65.0pt
* \marginparsep=11.0pt
* \columnsep=10.0pt
* \skip\footins=9.0pt plus 4.0pt minus 2.0pt
* \hoffset=0.0pt
* \voffset=0.0pt
* \mag=1000
* \@twocolumnfalse
* \@twosidefalse
* \@mparswitchfalse
* \@reversemarginfalse
* (1in=72.27pt=25.4mm, 1cm=28.453pt)

LaTeX Font Info:    Trying to load font information for OT1+lmr on input line 8
4.
("C:\Users\slitv\AppData\Local\Programs\MiKTeX 2.9\tex/latex/lm\ot1lmr.fd"
File: ot1lmr.fd 2009/10/30 v1.6 Font defs for Latin Modern
)
LaTeX Font Info:    Trying to load font information for OML+lmm on input line 8
4.
("C:\Users\slitv\AppData\Local\Programs\MiKTeX 2.9\tex/latex/lm\omllmm.fd"
File: omllmm.fd 2009/10/30 v1.6 Font defs for Latin Modern
)
LaTeX Font Info:    Trying to load font information for OMS+lmsy on input line 
84.
("C:\Users\slitv\AppData\Local\Programs\MiKTeX 2.9\tex/latex/lm\omslmsy.fd"
File: omslmsy.fd 2009/10/30 v1.6 Font defs for Latin Modern
)
LaTeX Font Info:    Trying to load font information for OMX+lmex on input line 
84.
("C:\Users\slitv\AppData\Local\Programs\MiKTeX 2.9\tex/latex/lm\omxlmex.fd"
File: omxlmex.fd 2009/10/30 v1.6 Font defs for Latin Modern
)
LaTeX Font Info:    External font `lmex10' loaded for size
(Font)              <12> on input line 84.
LaTeX Font Info:    External font `lmex10' loaded for size
(Font)              <8> on input line 84.
LaTeX Font Info:    External font `lmex10' loaded for size
(Font)              <6> on input line 84.
LaTeX Font Info:    Trying to load font information for U+msa on input line 84.

("C:\Users\slitv\AppData\Local\Programs\MiKTeX 2.9\tex/latex/amsfonts\umsa.fd"
File: umsa.fd 2013/01/14 v3.01 AMS symbols A
)
("C:\Users\slitv\AppData\Local\Programs\MiKTeX 2.9\tex/latex/microtype\mt-msa.c
fg"
File: mt-msa.cfg 2006/02/04 v1.1 microtype config. file: AMS symbols (a) (RS)
)
LaTeX Font Info:    Trying to load font information for U+msb on input line 84.

("C:\Users\slitv\AppData\Local\Programs\MiKTeX 2.9\tex/latex/amsfonts\umsb.fd"
File: umsb.fd 2013/01/14 v3.01 AMS symbols B
)
("C:\Users\slitv\AppData\Local\Programs\MiKTeX 2.9\tex/latex/microtype\mt-msb.c
fg"
File: mt-msb.cfg 2005/06/01 v1.0 microtype config. file: AMS symbols (b) (RS)
)
LaTeX Font Info:    External font `lmex10' loaded for size
(Font)              <9> on input line 87.
LaTeX Font Info:    External font `lmex10' loaded for size
(Font)              <5> on input line 87.
LaTeX Font Info:    External font `lmex10' loaded for size
(Font)              <10> on input line 98.
LaTeX Font Info:    External font `lmex10' loaded for size
(Font)              <7> on input line 98.
<report_files/figure-latex/unnamed-chunk-3-1.pdf, id=5, 469.755pt x 325.215pt>
File: report_files/figure-latex/unnamed-chunk-3-1.pdf Graphic file (type pdf)
<use report_files/figure-latex/unnamed-chunk-3-1.pdf>
Package pdftex.def Info: report_files/figure-latex/unnamed-chunk-3-1.pdf  used 
on input line 116.
(pdftex.def)             Requested size: 150.32466pt x 104.07092pt.
<report_files/figure-latex/unnamed-chunk-3-2.pdf, id=6, 469.755pt x 325.215pt>
File: report_files/figure-latex/unnamed-chunk-3-2.pdf Graphic file (type pdf)
<use report_files/figure-latex/unnamed-chunk-3-2.pdf>
Package pdftex.def Info: report_files/figure-latex/unnamed-chunk-3-2.pdf  used 
on input line 116.
(pdftex.def)             Requested size: 150.32466pt x 104.07092pt.
<report_files/figure-latex/unnamed-chunk-3-3.pdf, id=7, 469.755pt x 325.215pt>
File: report_files/figure-latex/unnamed-chunk-3-3.pdf Graphic file (type pdf)
<use report_files/figure-latex/unnamed-chunk-3-3.pdf>
Package pdftex.def Info: report_files/figure-latex/unnamed-chunk-3-3.pdf  used 
on input line 116.
(pdftex.def)             Requested size: 150.32466pt x 104.07092pt.
[1

{C:/Users/slitv/AppData/Local/MiKTeX/2.9/pdftex/config/pdftex.map} <./report_fi
les/figure-latex/unnamed-chunk-3-1.pdf> <./report_files/figure-latex/unnamed-ch
unk-3-2.pdf> <./report_files/figure-latex/unnamed-chunk-3-3.pdf>]
<report_files/figure-latex/unnamed-chunk-4-1.pdf, id=49, 469.755pt x 325.215pt>

File: report_files/figure-latex/unnamed-chunk-4-1.pdf Graphic file (type pdf)
<use report_files/figure-latex/unnamed-chunk-4-1.pdf>
Package pdftex.def Info: report_files/figure-latex/unnamed-chunk-4-1.pdf  used 
on input line 142.
(pdftex.def)             Requested size: 469.75386pt x 325.2142pt.
LaTeX Font Info:    Trying to load font information for T1+lmtt on input line 1
57.
("C:\Users\slitv\AppData\Local\Programs\MiKTeX 2.9\tex/latex/lm\t1lmtt.fd"
File: t1lmtt.fd 2009/10/30 v1.6 Font defs for Latin Modern
) [2 <./report_files/figure-latex/unnamed-chunk-4-1.pdf>]
<report_files/figure-latex/unnamed-chunk-5-1.pdf, id=62, 469.755pt x 325.215pt>

File: report_files/figure-latex/unnamed-chunk-5-1.pdf Graphic file (type pdf)
<use report_files/figure-latex/unnamed-chunk-5-1.pdf>
Package pdftex.def Info: report_files/figure-latex/unnamed-chunk-5-1.pdf  used 
on input line 168.
(pdftex.def)             Requested size: 230.18196pt x 159.35674pt.
<report_files/figure-latex/unnamed-chunk-6-1.pdf, id=63, 469.755pt x 325.215pt>

File: report_files/figure-latex/unnamed-chunk-6-1.pdf Graphic file (type pdf)
<use report_files/figure-latex/unnamed-chunk-6-1.pdf>
Package pdftex.def Info: report_files/figure-latex/unnamed-chunk-6-1.pdf  used 
on input line 184.
(pdftex.def)             Requested size: 230.18196pt x 159.35674pt.
<report_files/figure-latex/unnamed-chunk-6-2.pdf, id=64, 469.755pt x 325.215pt>

File: report_files/figure-latex/unnamed-chunk-6-2.pdf Graphic file (type pdf)
<use report_files/figure-latex/unnamed-chunk-6-2.pdf>
Package pdftex.def Info: report_files/figure-latex/unnamed-chunk-6-2.pdf  used 
on input line 184.
(pdftex.def)             Requested size: 230.18196pt x 159.35674pt.
<report_files/figure-latex/unnamed-chunk-7-1.pdf, id=65, 469.755pt x 325.215pt>

File: report_files/figure-latex/unnamed-chunk-7-1.pdf Graphic file (type pdf)
<use report_files/figure-latex/unnamed-chunk-7-1.pdf>
Package pdftex.def Info: report_files/figure-latex/unnamed-chunk-7-1.pdf  used 
on input line 195.
(pdftex.def)             Requested size: 230.18196pt x 159.35674pt.
<report_files/figure-latex/unnamed-chunk-7-2.pdf, id=66, 469.755pt x 325.215pt>

File: report_files/figure-latex/unnamed-chunk-7-2.pdf Graphic file (type pdf)
<use report_files/figure-latex/unnamed-chunk-7-2.pdf>
Package pdftex.def Info: report_files/figure-latex/unnamed-chunk-7-2.pdf  used 
on input line 195.
(pdftex.def)             Requested size: 230.18196pt x 159.35674pt.
<report_files/figure-latex/unnamed-chunk-7-3.pdf, id=67, 469.755pt x 325.215pt>

File: report_files/figure-latex/unnamed-chunk-7-3.pdf Graphic file (type pdf)
<use report_files/figure-latex/unnamed-chunk-7-3.pdf>
Package pdftex.def Info: report_files/figure-latex/unnamed-chunk-7-3.pdf  used 
on input line 195.
(pdftex.def)             Requested size: 230.18196pt x 159.35674pt.
[3 <./report_files/figure-latex/unnamed-chunk-5-1.pdf> <./report_files/figure-l
atex/unnamed-chunk-6-1.pdf> <./report_files/figure-latex/unnamed-chunk-6-2.pdf>
]
<report_files/figure-latex/unnamed-chunk-8-1.pdf, id=91, 469.755pt x 325.215pt>

File: report_files/figure-latex/unnamed-chunk-8-1.pdf Graphic file (type pdf)
<use report_files/figure-latex/unnamed-chunk-8-1.pdf>
Package pdftex.def Info: report_files/figure-latex/unnamed-chunk-8-1.pdf  used 
on input line 205.
(pdftex.def)             Requested size: 230.18196pt x 159.35674pt.
<report_files/figure-latex/unnamed-chunk-8-2.pdf, id=92, 469.755pt x 325.215pt>

File: report_files/figure-latex/unnamed-chunk-8-2.pdf Graphic file (type pdf)
<use report_files/figure-latex/unnamed-chunk-8-2.pdf>
Package pdftex.def Info: report_files/figure-latex/unnamed-chunk-8-2.pdf  used 
on input line 205.
(pdftex.def)             Requested size: 230.18196pt x 159.35674pt.
<report_files/figure-latex/unnamed-chunk-8-3.pdf, id=93, 469.755pt x 325.215pt>

File: report_files/figure-latex/unnamed-chunk-8-3.pdf Graphic file (type pdf)
<use report_files/figure-latex/unnamed-chunk-8-3.pdf>
Package pdftex.def Info: report_files/figure-latex/unnamed-chunk-8-3.pdf  used 
on input line 205.
(pdftex.def)             Requested size: 230.18196pt x 159.35674pt.
<report_files/figure-latex/unnamed-chunk-8-4.pdf, id=94, 469.755pt x 325.215pt>

File: report_files/figure-latex/unnamed-chunk-8-4.pdf Graphic file (type pdf)
<use report_files/figure-latex/unnamed-chunk-8-4.pdf>
Package pdftex.def Info: report_files/figure-latex/unnamed-chunk-8-4.pdf  used 
on input line 205.
(pdftex.def)             Requested size: 230.18196pt x 159.35674pt.
[4 <./report_files/figure-latex/unnamed-chunk-7-1.pdf> <./report_files/figure-l
atex/unnamed-chunk-7-2.pdf> <./report_files/figure-latex/unnamed-chunk-7-3.pdf>
 <./report_files/figure-latex/unnamed-chunk-8-1.pdf> <./report_files/figure-lat
ex/unnamed-chunk-8-2.pdf>]
<report_files/figure-latex/unnamed-chunk-9-1.pdf, id=130, 469.755pt x 325.215pt
>
File: report_files/figure-latex/unnamed-chunk-9-1.pdf Graphic file (type pdf)
<use report_files/figure-latex/unnamed-chunk-9-1.pdf>
Package pdftex.def Info: report_files/figure-latex/unnamed-chunk-9-1.pdf  used 
on input line 219.
(pdftex.def)             Requested size: 230.18196pt x 159.35674pt.
<report_files/figure-latex/unnamed-chunk-9-2.pdf, id=131, 469.755pt x 325.215pt
>
File: report_files/figure-latex/unnamed-chunk-9-2.pdf Graphic file (type pdf)
<use report_files/figure-latex/unnamed-chunk-9-2.pdf>
Package pdftex.def Info: report_files/figure-latex/unnamed-chunk-9-2.pdf  used 
on input line 219.
(pdftex.def)             Requested size: 230.18196pt x 159.35674pt.
<report_files/figure-latex/unnamed-chunk-9-3.pdf, id=132, 469.755pt x 325.215pt
>
File: report_files/figure-latex/unnamed-chunk-9-3.pdf Graphic file (type pdf)
<use report_files/figure-latex/unnamed-chunk-9-3.pdf>
Package pdftex.def Info: report_files/figure-latex/unnamed-chunk-9-3.pdf  used 
on input line 219.
(pdftex.def)             Requested size: 230.18196pt x 159.35674pt.
[5 <./report_files/figure-latex/unnamed-chunk-8-3.pdf> <./report_files/figure-l
atex/unnamed-chunk-8-4.pdf> <./report_files/figure-latex/unnamed-chunk-9-1.pdf>
 <./report_files/figure-latex/unnamed-chunk-9-2.pdf> <./report_files/figure-lat
ex/unnamed-chunk-9-3.pdf>]
<report_files/figure-latex/unnamed-chunk-10-1.pdf, id=169, 469.755pt x 325.215p
t>
File: report_files/figure-latex/unnamed-chunk-10-1.pdf Graphic file (type pdf)
<use report_files/figure-latex/unnamed-chunk-10-1.pdf>
Package pdftex.def Info: report_files/figure-latex/unnamed-chunk-10-1.pdf  used
 on input line 251.
(pdftex.def)             Requested size: 230.18196pt x 159.35674pt.

Package longtable Warning: Column widths have changed
(longtable)                in table 1 on input line 273.


Package longtable Warning: Column widths have changed
(longtable)                in table 2 on input line 285.

[6 <./report_files/figure-latex/unnamed-chunk-10-1.pdf>]

Package longtable Warning: Column widths have changed
(longtable)                in table 3 on input line 297.


Package longtable Warning: Column widths have changed
(longtable)                in table 4 on input line 309.


Overfull \hbox (23.99327pt too wide) in alignment at lines 317--335
 [] [] [] [] [] 
 []


Overfull \hbox (23.99327pt too wide) in alignment at lines 335--412
 [] [] [] [] [] 
 []

<report_files/figure-latex/unnamed-chunk-12-1.pdf, id=184, 469.755pt x 325.215p
t>
File: report_files/figure-latex/unnamed-chunk-12-1.pdf Graphic file (type pdf)
<use report_files/figure-latex/unnamed-chunk-12-1.pdf>
Package pdftex.def Info: report_files/figure-latex/unnamed-chunk-12-1.pdf  used
 on input line 429.
(pdftex.def)             Requested size: 230.18196pt x 159.35674pt.
<report_files/figure-latex/unnamed-chunk-12-2.pdf, id=185, 469.755pt x 325.215p
t>
File: report_files/figure-latex/unnamed-chunk-12-2.pdf Graphic file (type pdf)
<use report_files/figure-latex/unnamed-chunk-12-2.pdf>
Package pdftex.def Info: report_files/figure-latex/unnamed-chunk-12-2.pdf  used
 on input line 429.
(pdftex.def)             Requested size: 230.18196pt x 159.35674pt.
<report_files/figure-latex/unnamed-chunk-12-3.pdf, id=186, 469.755pt x 325.215p
t>
File: report_files/figure-latex/unnamed-chunk-12-3.pdf Graphic file (type pdf)
<use report_files/figure-latex/unnamed-chunk-12-3.pdf>
Package pdftex.def Info: report_files/figure-latex/unnamed-chunk-12-3.pdf  used
 on input line 429.
(pdftex.def)             Requested size: 230.18196pt x 159.35674pt.
[7 <./report_files/figure-latex/unnamed-chunk-12-1.pdf> <./report_files/figure-
latex/unnamed-chunk-12-2.pdf>]
<report_files/figure-latex/unnamed-chunk-13-1.pdf, id=207, 469.755pt x 325.215p
t>
File: report_files/figure-latex/unnamed-chunk-13-1.pdf Graphic file (type pdf)
<use report_files/figure-latex/unnamed-chunk-13-1.pdf>
Package pdftex.def Info: report_files/figure-latex/unnamed-chunk-13-1.pdf  used
 on input line 442.
(pdftex.def)             Requested size: 230.18196pt x 159.35674pt.
<report_files/figure-latex/unnamed-chunk-14-1.pdf, id=208, 469.755pt x 325.215p
t>
File: report_files/figure-latex/unnamed-chunk-14-1.pdf Graphic file (type pdf)
<use report_files/figure-latex/unnamed-chunk-14-1.pdf>
Package pdftex.def Info: report_files/figure-latex/unnamed-chunk-14-1.pdf  used
 on input line 449.
(pdftex.def)             Requested size: 469.75386pt x 325.2142pt.
[8 <./report_files/figure-latex/unnamed-chunk-12-3.pdf> <./report_files/figure-
latex/unnamed-chunk-13-1.pdf>]
<report_files/figure-latex/unnamed-chunk-15-1.pdf, id=226, 469.755pt x 325.215p
t>
File: report_files/figure-latex/unnamed-chunk-15-1.pdf Graphic file (type pdf)
<use report_files/figure-latex/unnamed-chunk-15-1.pdf>
Package pdftex.def Info: report_files/figure-latex/unnamed-chunk-15-1.pdf  used
 on input line 455.
(pdftex.def)             Requested size: 230.18196pt x 159.35674pt.
<report_files/figure-latex/unnamed-chunk-15-2.pdf, id=227, 469.755pt x 325.215p
t>
File: report_files/figure-latex/unnamed-chunk-15-2.pdf Graphic file (type pdf)
<use report_files/figure-latex/unnamed-chunk-15-2.pdf>
Package pdftex.def Info: report_files/figure-latex/unnamed-chunk-15-2.pdf  used
 on input line 455.
(pdftex.def)             Requested size: 230.18196pt x 159.35674pt.
[9 <./report_files/figure-latex/unnamed-chunk-14-1.pdf> <./report_files/figure-
latex/unnamed-chunk-15-1.pdf> <./report_files/figure-latex/unnamed-chunk-15-2.p
df>]
<report_files/figure-latex/unnamed-chunk-16-1.pdf, id=253, 469.755pt x 325.215p
t>
File: report_files/figure-latex/unnamed-chunk-16-1.pdf Graphic file (type pdf)
<use report_files/figure-latex/unnamed-chunk-16-1.pdf>
Package pdftex.def Info: report_files/figure-latex/unnamed-chunk-16-1.pdf  used
 on input line 471.
(pdftex.def)             Requested size: 230.18196pt x 159.35674pt.
<report_files/figure-latex/unnamed-chunk-16-2.pdf, id=254, 469.755pt x 325.215p
t>
File: report_files/figure-latex/unnamed-chunk-16-2.pdf Graphic file (type pdf)
<use report_files/figure-latex/unnamed-chunk-16-2.pdf>
Package pdftex.def Info: report_files/figure-latex/unnamed-chunk-16-2.pdf  used
 on input line 471.
(pdftex.def)             Requested size: 230.18196pt x 159.35674pt.
<report_files/figure-latex/unnamed-chunk-17-1.pdf, id=255, 469.755pt x 325.215p
t>
File: report_files/figure-latex/unnamed-chunk-17-1.pdf Graphic file (type pdf)
<use report_files/figure-latex/unnamed-chunk-17-1.pdf>
Package pdftex.def Info: report_files/figure-latex/unnamed-chunk-17-1.pdf  used
 on input line 478.
(pdftex.def)             Requested size: 305.33713pt x 211.38724pt.
<report_files/figure-latex/unnamed-chunk-18-1.pdf, id=256, 469.755pt x 325.215p
t>
File: report_files/figure-latex/unnamed-chunk-18-1.pdf Graphic file (type pdf)
<use report_files/figure-latex/unnamed-chunk-18-1.pdf>
Package pdftex.def Info: report_files/figure-latex/unnamed-chunk-18-1.pdf  used
 on input line 488.
(pdftex.def)             Requested size: 150.32466pt x 104.07092pt.
<report_files/figure-latex/unnamed-chunk-18-2.pdf, id=257, 469.755pt x 325.215p
t>
File: report_files/figure-latex/unnamed-chunk-18-2.pdf Graphic file (type pdf)
<use report_files/figure-latex/unnamed-chunk-18-2.pdf>
Package pdftex.def Info: report_files/figure-latex/unnamed-chunk-18-2.pdf  used
 on input line 488.
(pdftex.def)             Requested size: 150.32466pt x 104.07092pt.
<report_files/figure-latex/unnamed-chunk-18-3.pdf, id=258, 469.755pt x 325.215p
t>
File: report_files/figure-latex/unnamed-chunk-18-3.pdf Graphic file (type pdf)
<use report_files/figure-latex/unnamed-chunk-18-3.pdf>
Package pdftex.def Info: report_files/figure-latex/unnamed-chunk-18-3.pdf  used
 on input line 488.
(pdftex.def)             Requested size: 150.32466pt x 104.07092pt.
[10 <./report_files/figure-latex/unnamed-chunk-16-1.pdf> <./report_files/figure
-latex/unnamed-chunk-16-2.pdf> <./report_files/figure-latex/unnamed-chunk-17-1.
pdf> <./report_files/figure-latex/unnamed-chunk-18-1.pdf> <./report_files/figur
e-latex/unnamed-chunk-18-2.pdf> <./report_files/figure-latex/unnamed-chunk-18-3
.pdf>]
<report_files/figure-latex/unnamed-chunk-19-1.pdf, id=300, 469.755pt x 325.215p
t>
File: report_files/figure-latex/unnamed-chunk-19-1.pdf Graphic file (type pdf)
<use report_files/figure-latex/unnamed-chunk-19-1.pdf>
Package pdftex.def Info: report_files/figure-latex/unnamed-chunk-19-1.pdf  used
 on input line 501.
(pdftex.def)             Requested size: 230.18196pt x 159.35674pt.
<report_files/figure-latex/unnamed-chunk-19-2.pdf, id=301, 469.755pt x 325.215p
t>
File: report_files/figure-latex/unnamed-chunk-19-2.pdf Graphic file (type pdf)
<use report_files/figure-latex/unnamed-chunk-19-2.pdf>
Package pdftex.def Info: report_files/figure-latex/unnamed-chunk-19-2.pdf  used
 on input line 501.
(pdftex.def)             Requested size: 230.18196pt x 159.35674pt.
<report_files/figure-latex/unnamed-chunk-20-1.pdf, id=302, 469.755pt x 325.215p
t>
File: report_files/figure-latex/unnamed-chunk-20-1.pdf Graphic file (type pdf)
<use report_files/figure-latex/unnamed-chunk-20-1.pdf>
Package pdftex.def Info: report_files/figure-latex/unnamed-chunk-20-1.pdf  used
 on input line 511.
(pdftex.def)             Requested size: 230.18196pt x 159.35674pt.
<report_files/figure-latex/unnamed-chunk-20-2.pdf, id=303, 469.755pt x 325.215p
t>
File: report_files/figure-latex/unnamed-chunk-20-2.pdf Graphic file (type pdf)
<use report_files/figure-latex/unnamed-chunk-20-2.pdf>
Package pdftex.def Info: report_files/figure-latex/unnamed-chunk-20-2.pdf  used
 on input line 511.
(pdftex.def)             Requested size: 230.18196pt x 159.35674pt.
<report_files/figure-latex/unnamed-chunk-21-1.pdf, id=304, 469.755pt x 325.215p
t>
File: report_files/figure-latex/unnamed-chunk-21-1.pdf Graphic file (type pdf)
<use report_files/figure-latex/unnamed-chunk-21-1.pdf>
Package pdftex.def Info: report_files/figure-latex/unnamed-chunk-21-1.pdf  used
 on input line 521.
(pdftex.def)             Requested size: 352.31538pt x 243.91064pt.
[11 <./report_files/figure-latex/unnamed-chunk-19-1.pdf> <./report_files/figure
-latex/unnamed-chunk-19-2.pdf> <./report_files/figure-latex/unnamed-chunk-20-1.
pdf> <./report_files/figure-latex/unnamed-chunk-20-2.pdf>]
<report_files/figure-latex/unnamed-chunk-22-1.pdf, id=334, 469.755pt x 325.215p
t>
File: report_files/figure-latex/unnamed-chunk-22-1.pdf Graphic file (type pdf)
<use report_files/figure-latex/unnamed-chunk-22-1.pdf>
Package pdftex.def Info: report_files/figure-latex/unnamed-chunk-22-1.pdf  used
 on input line 539.
(pdftex.def)             Requested size: 352.31538pt x 243.91064pt.
[12pdfTeX warning (ext4): destination with the same identifier (name{figure.1})
 has been already used, duplicate ignored

\AtBegShi@Output ...ipout \box \AtBeginShipoutBox 
                                                  \fi \fi 
l.554 
      pdfTeX warning (ext4): destination with the same identifier (name{figure.
2}) has been already used, duplicate ignored

\AtBegShi@Output ...ipout \box \AtBeginShipoutBox 
                                                  \fi \fi 
l.554 
       <./report_files/figure-latex/unnamed-chunk-21-1.pdf> <./report_files/fig
ure-latex/unnamed-chunk-22-1.pdf>]
<report_files/figure-latex/unnamed-chunk-23-1.pdf, id=351, 469.755pt x 325.215p
t>
File: report_files/figure-latex/unnamed-chunk-23-1.pdf Graphic file (type pdf)
<use report_files/figure-latex/unnamed-chunk-23-1.pdf>
Package pdftex.def Info: report_files/figure-latex/unnamed-chunk-23-1.pdf  used
 on input line 563.
(pdftex.def)             Requested size: 352.31538pt x 243.91064pt.

Package longtable Warning: Column widths have changed
(longtable)                in table 6 on input line 588.


Package longtable Warning: Column widths have changed
(longtable)                in table 7 on input line 598.

[13pdfTeX warning (ext4): destination with the same identifier (name{figure.3})
 has been already used, duplicate ignored

\AtBegShi@Output ...ipout \box \AtBeginShipoutBox 
                                                  \fi \fi 
l.608 \end{longtable}
                      <./report_files/figure-latex/unnamed-chunk-23-1.pdf>]

Package longtable Warning: Column widths have changed
(longtable)                in table 8 on input line 608.


Package longtable Warning: Column widths have changed
(longtable)                in table 9 on input line 618.


Package longtable Warning: Column widths have changed
(longtable)                in table 10 on input line 630.


Package longtable Warning: Column widths have changed
(longtable)                in table 11 on input line 642.

[14]
<report_files/figure-latex/unnamed-chunk-29-1.pdf, id=374, 469.755pt x 325.215p
t>
File: report_files/figure-latex/unnamed-chunk-29-1.pdf Graphic file (type pdf)
<use report_files/figure-latex/unnamed-chunk-29-1.pdf>
Package pdftex.def Info: report_files/figure-latex/unnamed-chunk-29-1.pdf  used
 on input line 706.
(pdftex.def)             Requested size: 230.18196pt x 159.35674pt.
<report_files/figure-latex/unnamed-chunk-29-2.pdf, id=375, 469.755pt x 325.215p
t>
File: report_files/figure-latex/unnamed-chunk-29-2.pdf Graphic file (type pdf)
<use report_files/figure-latex/unnamed-chunk-29-2.pdf>
Package pdftex.def Info: report_files/figure-latex/unnamed-chunk-29-2.pdf  used
 on input line 706.
(pdftex.def)             Requested size: 230.18196pt x 159.35674pt.

Overfull \hbox (38.7903pt too wide) in alignment at lines 713--734
 [] [] [] [] [] [] 
 []


Overfull \hbox (38.7903pt too wide) in alignment at lines 734--826
 [] [] [] [] [] [] 
 []

<report_files/figure-latex/unnamed-chunk-30-1.pdf, id=376, 469.755pt x 325.215p
t>
File: report_files/figure-latex/unnamed-chunk-30-1.pdf Graphic file (type pdf)
<use report_files/figure-latex/unnamed-chunk-30-1.pdf>
Package pdftex.def Info: report_files/figure-latex/unnamed-chunk-30-1.pdf  used
 on input line 835.
(pdftex.def)             Requested size: 328.82626pt x 227.64894pt.
[15 <./report_files/figure-latex/unnamed-chunk-29-1.pdf> <./report_files/figure
-latex/unnamed-chunk-29-2.pdf>]
! Misplaced alignment tab character &.
<argument> Discussion &
                        Conclusion
l.852 \section{Discussion & Conclusion}
                                        
Here is how much of TeX's memory you used:
 13751 strings out of 481565
 213429 string characters out of 2914179
 486170 words of memory out of 3000000
 28515 multiletter control sequences out of 15000+200000
 603496 words of font info for 151 fonts, out of 3000000 for 9000
 1141 hyphenation exceptions out of 8191
 41i,13n,42p,807b,470s stack positions out of 5000i,500n,10000p,200000b,50000s

!  ==> Fatal error occurred, no output PDF file produced!
